#0 building with "desktop-linux" instance using docker driver

#1 [internal] load build definition from Dockerfile
#1 transferring dockerfile: 892B done
#1 DONE 0.0s

#2 [internal] load metadata for docker.io/library/python:3.12-slim
#2 DONE 0.9s

#3 [internal] load .dockerignore
#3 transferring context:
#3 transferring context: 2B done
#3 DONE 0.0s

#4 [1/7] FROM docker.io/library/python:3.12-slim@sha256:59c7332a4a24373861c4a5f0eec2c92b87e3efeb8ddef011744ef9a751b1d11c
#4 DONE 0.0s

#5 [internal] load build context
#5 transferring context: 452B done
#5 DONE 0.0s

#6 [4/7] RUN aws --version
#6 CACHED

#7 [2/7] RUN apt-get update && apt-get install -y     curl unzip git jq &&     rm -rf /var/lib/apt/lists/*
#7 CACHED

#8 [3/7] RUN curl "https://awscli.amazonaws.com/awscli-exe-linux-x86_64.zip" -o "awscliv2.zip" &&     unzip awscliv2.zip &&     ./aws/install &&     rm -rf awscliv2.zip aws
#8 CACHED

#9 [5/7] WORKDIR /app
#9 CACHED

#10 [6/7] COPY . .
#10 DONE 0.0s

#11 [7/7] RUN python3 -m pip install --upgrade pip     && rm -rf service-screener-v2     && git clone https://github.com/aws-samples/service-screener-v2.git     && cd service-screener-v2     && pip install -r requirements.txt
#11 1.502 Requirement already satisfied: pip in /usr/local/lib/python3.12/site-packages (24.2)
#11 1.689 WARNING: Running pip as the 'root' user can result in broken permissions and conflicting behaviour with the system package manager, possibly rendering your system unusable.It is recommended to use a virtual environment instead: https://pip.pypa.io/warnings/venv. Use the --root-user-action option if you know what you are doing and want to suppress this warning.
#11 2.445 Cloning into 'service-screener-v2'...
#11 9.272 Obtaining file:///app/service-screener-v2 (from -r requirements.txt (line 9))
#11 9.274   Preparing metadata (setup.py): started
#11 9.726   Preparing metadata (setup.py): finished with status 'done'
#11 10.38 Collecting boto3~=1.26.114 (from -r requirements.txt (line 1))
#11 10.48   Downloading boto3-1.26.165-py3-none-any.whl.metadata (7.0 kB)
#11 10.52 Collecting packaging~=23.1 (from -r requirements.txt (line 2))
#11 10.53   Downloading packaging-23.2-py3-none-any.whl.metadata (3.2 kB)
#11 10.59 Collecting XlsxWriter~=3.1.0 (from -r requirements.txt (line 3))
#11 10.60   Downloading XlsxWriter-3.1.9-py3-none-any.whl.metadata (2.6 kB)
#11 10.63 Collecting netaddr~=0.9.0 (from -r requirements.txt (line 4))
#11 10.65   Downloading netaddr-0.9.0-py3-none-any.whl.metadata (5.1 kB)
#11 10.70 Collecting requests~=2.31.0 (from -r requirements.txt (line 5))
#11 10.72   Downloading requests-2.31.0-py3-none-any.whl.metadata (4.6 kB)
#11 10.75 Collecting openpyxl~=3.1.2 (from -r requirements.txt (line 6))
#11 10.77   Downloading openpyxl-3.1.5-py2.py3-none-any.whl.metadata (2.5 kB)
#11 10.81 Collecting multiprocess~=0.70 (from -r requirements.txt (line 7))
#11 10.82   Downloading multiprocess-0.70.16-py312-none-any.whl.metadata (7.2 kB)
#11 10.86 Collecting simple-term-menu~=1.6.4 (from -r requirements.txt (line 8))
#11 10.89   Downloading simple_term_menu-1.6.4-py3-none-any.whl.metadata (29 kB)
#11 11.47 Collecting botocore<1.30.0,>=1.29.165 (from boto3~=1.26.114->-r requirements.txt (line 1))
#11 11.49   Downloading botocore-1.29.165-py3-none-any.whl.metadata (5.9 kB)
#11 11.51 Collecting jmespath<2.0.0,>=0.7.1 (from boto3~=1.26.114->-r requirements.txt (line 1))
#11 11.52   Downloading jmespath-1.0.1-py3-none-any.whl.metadata (7.6 kB)
#11 11.55 Collecting s3transfer<0.7.0,>=0.6.0 (from boto3~=1.26.114->-r requirements.txt (line 1))
#11 11.57   Downloading s3transfer-0.6.2-py3-none-any.whl.metadata (1.8 kB)
#11 11.66 Collecting charset-normalizer<4,>=2 (from requests~=2.31.0->-r requirements.txt (line 5))
#11 11.67   Downloading charset_normalizer-3.3.2-cp312-cp312-manylinux_2_17_x86_64.manylinux2014_x86_64.whl.metadata (33 kB)
#11 11.70 Collecting idna<4,>=2.5 (from requests~=2.31.0->-r requirements.txt (line 5))
#11 11.72   Downloading idna-3.7-py3-none-any.whl.metadata (9.9 kB)
#11 11.79 Collecting urllib3<3,>=1.21.1 (from requests~=2.31.0->-r requirements.txt (line 5))
#11 11.80   Downloading urllib3-2.2.2-py3-none-any.whl.metadata (6.4 kB)
#11 11.84 Collecting certifi>=2017.4.17 (from requests~=2.31.0->-r requirements.txt (line 5))
#11 11.85   Downloading certifi-2024.7.4-py3-none-any.whl.metadata (2.2 kB)
#11 11.87 Collecting et-xmlfile (from openpyxl~=3.1.2->-r requirements.txt (line 6))
#11 11.88   Downloading et_xmlfile-1.1.0-py3-none-any.whl.metadata (1.8 kB)
#11 11.91 Collecting dill>=0.3.8 (from multiprocess~=0.70->-r requirements.txt (line 7))
#11 11.93   Downloading dill-0.3.8-py3-none-any.whl.metadata (10 kB)
#11 11.96 Collecting python-dateutil<3.0.0,>=2.1 (from botocore<1.30.0,>=1.29.165->boto3~=1.26.114->-r requirements.txt (line 1))
#11 11.97   Downloading python_dateutil-2.9.0.post0-py2.py3-none-any.whl.metadata (8.4 kB)
#11 11.99 Collecting urllib3<3,>=1.21.1 (from requests~=2.31.0->-r requirements.txt (line 5))
#11 12.01   Downloading urllib3-1.26.19-py2.py3-none-any.whl.metadata (49 kB)
#11 12.21 Collecting six>=1.5 (from python-dateutil<3.0.0,>=2.1->botocore<1.30.0,>=1.29.165->boto3~=1.26.114->-r requirements.txt (line 1))
#11 12.22   Downloading six-1.16.0-py2.py3-none-any.whl.metadata (1.8 kB)
#11 12.24 Downloading boto3-1.26.165-py3-none-any.whl (135 kB)
#11 12.27 Downloading packaging-23.2-py3-none-any.whl (53 kB)
#11 12.29 Downloading XlsxWriter-3.1.9-py3-none-any.whl (154 kB)
#11 12.31 Downloading netaddr-0.9.0-py3-none-any.whl (2.2 MB)
#11 12.38    ━━━━━━━━━━━━━━━━━━━━━━━━━━━━━━━━━━━━━━━━ 2.2/2.2 MB 41.1 MB/s eta 0:00:00
#11 12.40 Downloading requests-2.31.0-py3-none-any.whl (62 kB)
#11 12.41 Downloading openpyxl-3.1.5-py2.py3-none-any.whl (250 kB)
#11 12.43 Downloading multiprocess-0.70.16-py312-none-any.whl (146 kB)
#11 12.45 Downloading simple_term_menu-1.6.4-py3-none-any.whl (27 kB)
#11 12.47 Downloading botocore-1.29.165-py3-none-any.whl (11.0 MB)
#11 12.82    ━━━━━━━━━━━━━━━━━━━━━━━━━━━━━━━━━━━━━━━━ 11.0/11.0 MB 31.0 MB/s eta 0:00:00
#11 12.84 Downloading certifi-2024.7.4-py3-none-any.whl (162 kB)
#11 12.86 Downloading charset_normalizer-3.3.2-cp312-cp312-manylinux_2_17_x86_64.manylinux2014_x86_64.whl (141 kB)
#11 12.87 Downloading dill-0.3.8-py3-none-any.whl (116 kB)
#11 12.89 Downloading idna-3.7-py3-none-any.whl (66 kB)
#11 12.91 Downloading jmespath-1.0.1-py3-none-any.whl (20 kB)
#11 12.92 Downloading s3transfer-0.6.2-py3-none-any.whl (79 kB)
#11 12.94 Downloading urllib3-1.26.19-py2.py3-none-any.whl (143 kB)
#11 12.96 Downloading et_xmlfile-1.1.0-py3-none-any.whl (4.7 kB)
#11 12.98 Downloading python_dateutil-2.9.0.post0-py2.py3-none-any.whl (229 kB)
#11 13.00 Downloading six-1.16.0-py2.py3-none-any.whl (11 kB)
#11 13.12 Installing collected packages: ServiceScreenerV2, netaddr, XlsxWriter, urllib3, six, simple-term-menu, packaging, jmespath, idna, et-xmlfile, dill, charset-normalizer, certifi, requests, python-dateutil, openpyxl, multiprocess, botocore, s3transfer, boto3
#11 13.12   DEPRECATION: Legacy editable install of ServiceScreenerV2==2.0 from file:///app/service-screener-v2 (from -r requirements.txt (line 9)) (setup.py develop) is deprecated. pip 25.0 will enforce this behaviour change. A possible replacement is to add a pyproject.toml or enable --use-pep517, and use setuptools >= 64. If the resulting installation is not behaving as expected, try using --config-settings editable_mode=compat. Please consult the setuptools documentation for more information. Discussion can be found at https://github.com/pypa/pip/issues/11457
#11 13.12   Running setup.py develop for ServiceScreenerV2
#11 14.83 Successfully installed ServiceScreenerV2-2.0 XlsxWriter-3.1.9 boto3-1.26.165 botocore-1.29.165 certifi-2024.7.4 charset-normalizer-3.3.2 dill-0.3.8 et-xmlfile-1.1.0 idna-3.7 jmespath-1.0.1 multiprocess-0.70.16 netaddr-0.9.0 openpyxl-3.1.5 packaging-23.2 python-dateutil-2.9.0.post0 requests-2.31.0 s3transfer-0.6.2 simple-term-menu-1.6.4 six-1.16.0 urllib3-1.26.19
#11 14.83 WARNING: Running pip as the 'root' user can result in broken permissions and conflicting behaviour with the system package manager, possibly rendering your system unusable.It is recommended to use a virtual environment instead: https://pip.pypa.io/warnings/venv. Use the --root-user-action option if you know what you are doing and want to suppress this warning.
#11 DONE 15.1s

#12 exporting to image
#12 exporting layers
#12 exporting layers 0.3s done
#12 writing image sha256:21194a81e82ebb5dafe741889c5b327c2f631efc300ae8c0b2c53dd07d9e9c81 done
#12 naming to docker.io/yingtingaws/screener-scheduler done
#12 DONE 0.3s
