[2026-03-30 17:33:40] === Starting cleanup in ap-southeast-1 ===
[2026-03-30 17:33:40] --- Cleaning up Auto Scaling Groups ---
[2026-03-30 17:33:40] Deleting scaling policy []...
[2026-03-30 17:33:41] ERROR:   Failed to delete scaling policy [] (may already be deleted)
[2026-03-30 17:33:41] Deleting ASG ss-sim-asg-single-az...
[2026-03-30 17:33:42]   Deleted ASG ss-sim-asg-single-az
[2026-03-30 17:33:43] Deleting scaling policy [...
[2026-03-30 17:33:43] ERROR:   Failed to delete scaling policy [ (may already be deleted)
[2026-03-30 17:33:43] Deleting scaling policy "ss-sim-target-tracking"...
[2026-03-30 17:33:44] ERROR:   Failed to delete scaling policy "ss-sim-target-tracking" (may already be deleted)
[2026-03-30 17:33:44] Deleting scaling policy ]...
[2026-03-30 17:33:45] ERROR:   Failed to delete scaling policy ] (may already be deleted)
[2026-03-30 17:33:45] Deleting ASG ss-sim-asg-multi-az...
[2026-03-30 17:33:46]   Deleted ASG ss-sim-asg-multi-az
[2026-03-30 17:33:51] --- Cleaning up Load Balancers ---
[2026-03-30 17:33:54] Waiting for load balancers to be deleted...
[2026-03-30 17:34:09] --- Detaching extra EBS volumes from instances ---
[2026-03-30 17:34:18] --- Cleaning up EC2 Instances ---
[2026-03-30 17:34:19] Terminating instances: [
    "i-0cf61392fb6d218c1",
    "i-0a627feaf30edb4a3"
]
[2026-03-30 17:34:20] Waiting for instances to terminate...
[2026-03-30 17:34:21] Instances terminated.
[2026-03-30 17:34:21] --- Cleaning up Launch Templates ---
[2026-03-30 17:34:21] Deleting launch template [...
[2026-03-30 17:34:22] ERROR:   Failed to delete launch template [ (may already be deleted)
[2026-03-30 17:34:22] Deleting launch template "lt-09fee0a8e4baea131"...
[2026-03-30 17:34:23] ERROR:   Failed to delete launch template "lt-09fee0a8e4baea131" (may already be deleted)
[2026-03-30 17:34:23] Deleting launch template ]...
[2026-03-30 17:34:24] ERROR:   Failed to delete launch template ] (may already be deleted)
[2026-03-30 17:34:24] --- Cleaning up EBS Snapshots ---
[2026-03-30 17:34:24] Deleting snapshot [...
[2026-03-30 17:34:25] ERROR:   Failed to delete snapshot [ (may already be deleted)
[2026-03-30 17:34:25] Deleting snapshot "snap-09a3e77551e6a289d",...
[2026-03-30 17:34:26] ERROR:   Failed to delete snapshot "snap-09a3e77551e6a289d", (may already be deleted)
[2026-03-30 17:34:26] Deleting snapshot "snap-010d34fad232b190a",...
[2026-03-30 17:34:27] ERROR:   Failed to delete snapshot "snap-010d34fad232b190a", (may already be deleted)
[2026-03-30 17:34:27] Deleting snapshot "snap-02e0a935ee7aa4e25",...
[2026-03-30 17:34:27] ERROR:   Failed to delete snapshot "snap-02e0a935ee7aa4e25", (may already be deleted)
[2026-03-30 17:34:27] Deleting snapshot "snap-0324d2b34ea767553",...
[2026-03-30 17:34:28] ERROR:   Failed to delete snapshot "snap-0324d2b34ea767553", (may already be deleted)
[2026-03-30 17:34:28] Deleting snapshot "snap-02876129165b328ab"...
[2026-03-30 17:34:29] ERROR:   Failed to delete snapshot "snap-02876129165b328ab" (may already be deleted)
[2026-03-30 17:34:29] Deleting snapshot ]...
[2026-03-30 17:34:29] ERROR:   Failed to delete snapshot ] (may already be deleted)
[2026-03-30 17:34:29] --- Cleaning up EBS Volumes ---
[2026-03-30 17:34:31] Deleting volume [...
[2026-03-30 17:34:31] ERROR:   Failed to delete volume [ (may already be deleted)
[2026-03-30 17:34:32] Deleting volume "vol-0748ad3b3a7d7df1a",...
[2026-03-30 17:34:33] ERROR:   Failed to delete volume "vol-0748ad3b3a7d7df1a", (may already be deleted)
[2026-03-30 17:34:34] Deleting volume "vol-0f9372250900da112",...
[2026-03-30 17:34:34] ERROR:   Failed to delete volume "vol-0f9372250900da112", (may already be deleted)
[2026-03-30 17:34:35] Deleting volume "vol-0f0be44935e547aa8",...
[2026-03-30 17:34:36] ERROR:   Failed to delete volume "vol-0f0be44935e547aa8", (may already be deleted)
[2026-03-30 17:34:37] Deleting volume "vol-0a0947b8083b443a9",...
[2026-03-30 17:34:37] ERROR:   Failed to delete volume "vol-0a0947b8083b443a9", (may already be deleted)
[2026-03-30 17:34:38] Deleting volume "vol-0a35d5e5de38ae2cc",...
[2026-03-30 17:34:39] ERROR:   Failed to delete volume "vol-0a35d5e5de38ae2cc", (may already be deleted)
[2026-03-30 17:34:40] Deleting volume "vol-041dacddcdaab2ff4",...
[2026-03-30 17:34:40] ERROR:   Failed to delete volume "vol-041dacddcdaab2ff4", (may already be deleted)
[2026-03-30 17:34:41] Deleting volume "vol-037f90be529a6050a"...
[2026-03-30 17:34:42] ERROR:   Failed to delete volume "vol-037f90be529a6050a" (may already be deleted)
[2026-03-30 17:34:42] Deleting volume ]...
[2026-03-30 17:34:43] ERROR:   Failed to delete volume ] (may already be deleted)
[2026-03-30 17:34:43] --- Cleaning up Security Groups ---
[2026-03-30 17:34:44] Deleting security group [...
[2026-03-30 17:34:45] ERROR:   Failed to delete security group [ (may already be deleted)
[2026-03-30 17:34:45] Deleting security group "sg-033e104083d3f9b4a"...
[2026-03-30 17:34:46] ERROR:   Failed to delete security group "sg-033e104083d3f9b4a" (may already be deleted)
[2026-03-30 17:34:46] Deleting security group ]...
[2026-03-30 17:34:47] ERROR:   Failed to delete security group ] (may already be deleted)
[2026-03-30 17:34:47] --- Cleaning up VPCs and Subnets ---
[2026-03-30 17:34:47] Deleting subnet [...
[2026-03-30 17:34:48] ERROR:   Failed to delete subnet [ (may already be deleted)
[2026-03-30 17:34:48] Deleting subnet "subnet-00e0916bc6d34ceb3"...
[2026-03-30 17:34:49] ERROR:   Failed to delete subnet "subnet-00e0916bc6d34ceb3" (may already be deleted)
[2026-03-30 17:34:49] Deleting subnet ]...
[2026-03-30 17:34:50] ERROR:   Failed to delete subnet ] (may already be deleted)
[2026-03-30 17:34:51] Deleting VPC [...
[2026-03-30 17:34:52] ERROR:   Failed to delete VPC [ (may already be deleted)
[2026-03-30 17:34:53] Deleting network interface []...
[2026-03-30 17:34:53] ERROR:   Failed to delete network interface [] (may already be deleted)
[2026-03-30 17:34:54] Deleting VPC security group []...
[2026-03-30 17:34:55] ERROR:   Failed to delete VPC security group [] (may already be deleted)
[2026-03-30 17:34:55] Deleting VPC "vpc-078ef0b2f3ba5e2d9"...
[2026-03-30 17:34:56] ERROR:   Failed to delete VPC "vpc-078ef0b2f3ba5e2d9" (may already be deleted)
[2026-03-30 17:34:57] Deleting network interface []...
[2026-03-30 17:34:57] ERROR:   Failed to delete network interface [] (may already be deleted)
[2026-03-30 17:34:58] Deleting VPC ]...
[2026-03-30 17:34:59] ERROR:   Failed to delete VPC ] (may already be deleted)
[2026-03-30 17:34:59] --- Cleaning up local files ---
[2026-03-30 17:34:59] Removed resources.env
[2026-03-30 17:34:59] 
[2026-03-30 17:34:59] =============================================
[2026-03-30 17:34:59]  Cleanup Complete
[2026-03-30 17:34:59] =============================================
[2026-03-30 17:34:59] Completed with 35 error(s). Check log for details.
[2026-03-30 17:34:59] Some resources may need manual cleanup.
[2026-03-30 17:34:59] Log saved to: /Users/kuettai/Documents/project/ssvsprowler/service-screener-v2/services/ec2/simulation/cleanup.log
